{"/Users/stelianfedorca/Documents/N/todo-app/dist/js/controllers/todos/index.js": {"path":"/Users/stelianfedorca/Documents/N/todo-app/dist/js/controllers/todos/index.js","statementMap":{"0":{"start":{"line":2,"column":16},"end":{"line":10,"column":1}},"1":{"start":{"line":3,"column":28},"end":{"line":3,"column":110}},"2":{"start":{"line":3,"column":91},"end":{"line":3,"column":106}},"3":{"start":{"line":4,"column":4},"end":{"line":9,"column":7}},"4":{"start":{"line":5,"column":36},"end":{"line":5,"column":97}},"5":{"start":{"line":5,"column":42},"end":{"line":5,"column":70}},"6":{"start":{"line":5,"column":85},"end":{"line":5,"column":95}},"7":{"start":{"line":6,"column":35},"end":{"line":6,"column":100}},"8":{"start":{"line":6,"column":41},"end":{"line":6,"column":73}},"9":{"start":{"line":6,"column":88},"end":{"line":6,"column":98}},"10":{"start":{"line":7,"column":32},"end":{"line":7,"column":116}},"11":{"start":{"line":8,"column":8},"end":{"line":8,"column":78}},"12":{"start":{"line":11,"column":22},"end":{"line":13,"column":1}},"13":{"start":{"line":12,"column":4},"end":{"line":12,"column":62}},"14":{"start":{"line":14,"column":0},"end":{"line":14,"column":62}},"15":{"start":{"line":15,"column":0},"end":{"line":15,"column":86}},"16":{"start":{"line":16,"column":21},"end":{"line":16,"column":72}},"17":{"start":{"line":22,"column":17},"end":{"line":33,"column":2}},"18":{"start":{"line":22,"column":31},"end":{"line":33,"column":2}},"19":{"start":{"line":23,"column":4},"end":{"line":32,"column":5}},"20":{"start":{"line":24,"column":22},"end":{"line":24,"column":55}},"21":{"start":{"line":25,"column":8},"end":{"line":27,"column":9}},"22":{"start":{"line":26,"column":12},"end":{"line":26,"column":65}},"23":{"start":{"line":28,"column":8},"end":{"line":28,"column":46}},"24":{"start":{"line":31,"column":8},"end":{"line":31,"column":20}},"25":{"start":{"line":34,"column":0},"end":{"line":34,"column":28}},"26":{"start":{"line":35,"column":16},"end":{"line":50,"column":2}},"27":{"start":{"line":35,"column":30},"end":{"line":50,"column":2}},"28":{"start":{"line":36,"column":4},"end":{"line":49,"column":5}},"29":{"start":{"line":37,"column":21},"end":{"line":37,"column":29}},"30":{"start":{"line":38,"column":21},"end":{"line":42,"column":10}},"31":{"start":{"line":43,"column":24},"end":{"line":43,"column":41}},"32":{"start":{"line":44,"column":25},"end":{"line":44,"column":58}},"33":{"start":{"line":45,"column":8},"end":{"line":45,"column":73}},"34":{"start":{"line":48,"column":8},"end":{"line":48,"column":20}},"35":{"start":{"line":51,"column":0},"end":{"line":51,"column":26}},"36":{"start":{"line":52,"column":19},"end":{"line":66,"column":2}},"37":{"start":{"line":52,"column":33},"end":{"line":66,"column":2}},"38":{"start":{"line":53,"column":4},"end":{"line":65,"column":5}},"39":{"start":{"line":54,"column":42},"end":{"line":54,"column":45}},"40":{"start":{"line":55,"column":28},"end":{"line":55,"column":82}},"41":{"start":{"line":56,"column":25},"end":{"line":56,"column":58}},"42":{"start":{"line":57,"column":8},"end":{"line":61,"column":11}},"43":{"start":{"line":64,"column":8},"end":{"line":64,"column":20}},"44":{"start":{"line":67,"column":0},"end":{"line":67,"column":32}},"45":{"start":{"line":68,"column":19},"end":{"line":81,"column":2}},"46":{"start":{"line":68,"column":33},"end":{"line":81,"column":2}},"47":{"start":{"line":69,"column":4},"end":{"line":80,"column":5}},"48":{"start":{"line":70,"column":36},"end":{"line":70,"column":39}},"49":{"start":{"line":71,"column":28},"end":{"line":71,"column":76}},"50":{"start":{"line":72,"column":25},"end":{"line":72,"column":58}},"51":{"start":{"line":73,"column":8},"end":{"line":76,"column":11}},"52":{"start":{"line":79,"column":8},"end":{"line":79,"column":20}},"53":{"start":{"line":82,"column":0},"end":{"line":82,"column":32}}},"fnMap":{"0":{"name":"(anonymous_0)","decl":{"start":{"line":2,"column":44},"end":{"line":2,"column":45}},"loc":{"start":{"line":2,"column":89},"end":{"line":10,"column":1}},"line":2},"1":{"name":"adopt","decl":{"start":{"line":3,"column":13},"end":{"line":3,"column":18}},"loc":{"start":{"line":3,"column":26},"end":{"line":3,"column":112}},"line":3},"2":{"name":"(anonymous_2)","decl":{"start":{"line":3,"column":70},"end":{"line":3,"column":71}},"loc":{"start":{"line":3,"column":89},"end":{"line":3,"column":108}},"line":3},"3":{"name":"(anonymous_3)","decl":{"start":{"line":4,"column":36},"end":{"line":4,"column":37}},"loc":{"start":{"line":4,"column":63},"end":{"line":9,"column":5}},"line":4},"4":{"name":"fulfilled","decl":{"start":{"line":5,"column":17},"end":{"line":5,"column":26}},"loc":{"start":{"line":5,"column":34},"end":{"line":5,"column":99}},"line":5},"5":{"name":"rejected","decl":{"start":{"line":6,"column":17},"end":{"line":6,"column":25}},"loc":{"start":{"line":6,"column":33},"end":{"line":6,"column":102}},"line":6},"6":{"name":"step","decl":{"start":{"line":7,"column":17},"end":{"line":7,"column":21}},"loc":{"start":{"line":7,"column":30},"end":{"line":7,"column":118}},"line":7},"7":{"name":"(anonymous_7)","decl":{"start":{"line":11,"column":56},"end":{"line":11,"column":57}},"loc":{"start":{"line":11,"column":71},"end":{"line":13,"column":1}},"line":11},"8":{"name":"(anonymous_8)","decl":{"start":{"line":22,"column":17},"end":{"line":22,"column":18}},"loc":{"start":{"line":22,"column":31},"end":{"line":33,"column":2}},"line":22},"9":{"name":"(anonymous_9)","decl":{"start":{"line":22,"column":65},"end":{"line":22,"column":66}},"loc":{"start":{"line":22,"column":78},"end":{"line":33,"column":1}},"line":22},"10":{"name":"(anonymous_10)","decl":{"start":{"line":35,"column":16},"end":{"line":35,"column":17}},"loc":{"start":{"line":35,"column":30},"end":{"line":50,"column":2}},"line":35},"11":{"name":"(anonymous_11)","decl":{"start":{"line":35,"column":64},"end":{"line":35,"column":65}},"loc":{"start":{"line":35,"column":77},"end":{"line":50,"column":1}},"line":35},"12":{"name":"(anonymous_12)","decl":{"start":{"line":52,"column":19},"end":{"line":52,"column":20}},"loc":{"start":{"line":52,"column":33},"end":{"line":66,"column":2}},"line":52},"13":{"name":"(anonymous_13)","decl":{"start":{"line":52,"column":67},"end":{"line":52,"column":68}},"loc":{"start":{"line":52,"column":80},"end":{"line":66,"column":1}},"line":52},"14":{"name":"(anonymous_14)","decl":{"start":{"line":68,"column":19},"end":{"line":68,"column":20}},"loc":{"start":{"line":68,"column":33},"end":{"line":81,"column":2}},"line":68},"15":{"name":"(anonymous_15)","decl":{"start":{"line":68,"column":67},"end":{"line":68,"column":68}},"loc":{"start":{"line":68,"column":80},"end":{"line":81,"column":1}},"line":68}},"branchMap":{"0":{"loc":{"start":{"line":2,"column":16},"end":{"line":10,"column":1}},"type":"binary-expr","locations":[{"start":{"line":2,"column":17},"end":{"line":2,"column":21}},{"start":{"line":2,"column":25},"end":{"line":2,"column":39}},{"start":{"line":2,"column":44},"end":{"line":10,"column":1}}],"line":2},"1":{"loc":{"start":{"line":3,"column":35},"end":{"line":3,"column":109}},"type":"cond-expr","locations":[{"start":{"line":3,"column":56},"end":{"line":3,"column":61}},{"start":{"line":3,"column":64},"end":{"line":3,"column":109}}],"line":3},"2":{"loc":{"start":{"line":4,"column":16},"end":{"line":4,"column":34}},"type":"binary-expr","locations":[{"start":{"line":4,"column":16},"end":{"line":4,"column":17}},{"start":{"line":4,"column":22},"end":{"line":4,"column":33}}],"line":4},"3":{"loc":{"start":{"line":7,"column":32},"end":{"line":7,"column":115}},"type":"cond-expr","locations":[{"start":{"line":7,"column":46},"end":{"line":7,"column":67}},{"start":{"line":7,"column":70},"end":{"line":7,"column":115}}],"line":7},"4":{"loc":{"start":{"line":8,"column":51},"end":{"line":8,"column":67}},"type":"binary-expr","locations":[{"start":{"line":8,"column":51},"end":{"line":8,"column":61}},{"start":{"line":8,"column":65},"end":{"line":8,"column":67}}],"line":8},"5":{"loc":{"start":{"line":11,"column":22},"end":{"line":13,"column":1}},"type":"binary-expr","locations":[{"start":{"line":11,"column":23},"end":{"line":11,"column":27}},{"start":{"line":11,"column":31},"end":{"line":11,"column":51}},{"start":{"line":11,"column":56},"end":{"line":13,"column":1}}],"line":11},"6":{"loc":{"start":{"line":12,"column":11},"end":{"line":12,"column":61}},"type":"cond-expr","locations":[{"start":{"line":12,"column":37},"end":{"line":12,"column":40}},{"start":{"line":12,"column":43},"end":{"line":12,"column":61}}],"line":12},"7":{"loc":{"start":{"line":12,"column":12},"end":{"line":12,"column":33}},"type":"binary-expr","locations":[{"start":{"line":12,"column":12},"end":{"line":12,"column":15}},{"start":{"line":12,"column":19},"end":{"line":12,"column":33}}],"line":12},"8":{"loc":{"start":{"line":25,"column":8},"end":{"line":27,"column":9}},"type":"if","locations":[{"start":{"line":25,"column":8},"end":{"line":27,"column":9}},{"start":{},"end":{}}],"line":25}},"s":{"0":1,"1":1,"2":1,"3":1,"4":0,"5":0,"6":0,"7":0,"8":0,"9":0,"10":1,"11":1,"12":1,"13":1,"14":1,"15":1,"16":1,"17":1,"18":1,"19":1,"20":1,"21":0,"22":0,"23":0,"24":0,"25":1,"26":1,"27":0,"28":0,"29":0,"30":0,"31":0,"32":0,"33":0,"34":0,"35":1,"36":1,"37":0,"38":0,"39":0,"40":0,"41":0,"42":0,"43":0,"44":1,"45":1,"46":0,"47":0,"48":0,"49":0,"50":0,"51":0,"52":0,"53":1},"f":{"0":1,"1":1,"2":1,"3":1,"4":0,"5":0,"6":1,"7":1,"8":1,"9":1,"10":0,"11":0,"12":0,"13":0,"14":0,"15":0},"b":{"0":[1,1,1],"1":[0,1],"2":[1,1],"3":[0,1],"4":[1,1],"5":[1,1,1],"6":[1,0],"7":[1,1],"8":[0,0]},"_coverageSchema":"1a1c01bbd47fc00a2c39e90264f33305004495a9","hash":"55b7f9b5ca83e0e72c4c744967d8f2a6a5afc92b"}
,"/Users/stelianfedorca/Documents/N/todo-app/dist/js/models/todo.model.js": {"path":"/Users/stelianfedorca/Documents/N/todo-app/dist/js/models/todo.model.js","statementMap":{"0":{"start":{"line":2,"column":0},"end":{"line":2,"column":62}},"1":{"start":{"line":3,"column":19},"end":{"line":3,"column":38}},"2":{"start":{"line":4,"column":19},"end":{"line":17,"column":24}},"3":{"start":{"line":18,"column":0},"end":{"line":18,"column":60}}},"fnMap":{},"branchMap":{},"s":{"0":1,"1":1,"2":1,"3":1},"f":{},"b":{},"_coverageSchema":"1a1c01bbd47fc00a2c39e90264f33305004495a9","hash":"09023603c89aa9322bd469164a2bb119567248fb"}
}
