TN:
SF:dist/js/controllers/todos/index.js
FN:2,(anonymous_0)
FN:3,adopt
FN:3,(anonymous_2)
FN:4,(anonymous_3)
FN:5,fulfilled
FN:6,rejected
FN:7,step
FN:11,(anonymous_7)
FN:22,(anonymous_8)
FN:22,(anonymous_9)
FN:35,(anonymous_10)
FN:35,(anonymous_11)
FN:52,(anonymous_12)
FN:52,(anonymous_13)
FN:68,(anonymous_14)
FN:68,(anonymous_15)
FNF:16
FNH:8
FNDA:1,(anonymous_0)
FNDA:1,adopt
FNDA:1,(anonymous_2)
FNDA:1,(anonymous_3)
FNDA:0,fulfilled
FNDA:0,rejected
FNDA:1,step
FNDA:1,(anonymous_7)
FNDA:1,(anonymous_8)
FNDA:1,(anonymous_9)
FNDA:0,(anonymous_10)
FNDA:0,(anonymous_11)
FNDA:0,(anonymous_12)
FNDA:0,(anonymous_13)
FNDA:0,(anonymous_14)
FNDA:0,(anonymous_15)
DA:2,1
DA:3,1
DA:4,1
DA:5,0
DA:6,0
DA:7,1
DA:8,1
DA:11,1
DA:12,1
DA:14,1
DA:15,1
DA:16,1
DA:22,1
DA:23,1
DA:24,1
DA:25,0
DA:26,0
DA:28,0
DA:31,0
DA:34,1
DA:35,1
DA:36,0
DA:37,0
DA:38,0
DA:43,0
DA:44,0
DA:45,0
DA:48,0
DA:51,1
DA:52,1
DA:53,0
DA:54,0
DA:55,0
DA:56,0
DA:57,0
DA:64,0
DA:67,1
DA:68,1
DA:69,0
DA:70,0
DA:71,0
DA:72,0
DA:73,0
DA:79,0
DA:82,1
LF:45
LH:20
BRDA:2,0,0,1
BRDA:2,0,1,1
BRDA:2,0,2,1
BRDA:3,1,0,0
BRDA:3,1,1,1
BRDA:4,2,0,1
BRDA:4,2,1,1
BRDA:7,3,0,0
BRDA:7,3,1,1
BRDA:8,4,0,1
BRDA:8,4,1,1
BRDA:11,5,0,1
BRDA:11,5,1,1
BRDA:11,5,2,1
BRDA:12,6,0,1
BRDA:12,6,1,0
BRDA:12,7,0,1
BRDA:12,7,1,1
BRDA:25,8,0,0
BRDA:25,8,1,0
BRF:20
BRH:15
end_of_record
TN:
SF:dist/js/models/todo.model.js
FNF:0
FNH:0
DA:2,1
DA:3,1
DA:4,1
DA:18,1
LF:4
LH:4
BRF:0
BRH:0
end_of_record
